{"/home/edusilv/coderealm/typeInit/src/presentation/controller/signup.ts": {"path":"/home/edusilv/coderealm/typeInit/src/presentation/controller/signup.ts","all":false,"statementMap":{"0":{"start":{"line":1,"column":0},"end":{"line":1,"column":60}},"1":{"start":{"line":2,"column":0},"end":{"line":2,"column":66}},"2":{"start":{"line":3,"column":0},"end":{"line":3,"column":51}},"3":{"start":{"line":4,"column":0},"end":{"line":4,"column":30}},"4":{"start":{"line":5,"column":0},"end":{"line":5,"column":48}},"5":{"start":{"line":6,"column":0},"end":{"line":6,"column":40}},"6":{"start":{"line":7,"column":0},"end":{"line":7,"column":41}},"7":{"start":{"line":8,"column":0},"end":{"line":8,"column":38}},"8":{"start":{"line":9,"column":0},"end":{"line":9,"column":55}},"9":{"start":{"line":10,"column":0},"end":{"line":10,"column":7}},"10":{"start":{"line":11,"column":0},"end":{"line":11,"column":5}},"11":{"start":{"line":12,"column":0},"end":{"line":12,"column":0}},"12":{"start":{"line":13,"column":0},"end":{"line":13,"column":3}},"13":{"start":{"line":14,"column":0},"end":{"line":14,"column":1}}},"s":{"0":1,"1":1,"2":1,"3":1,"4":1,"5":2,"6":2,"7":3,"8":2,"9":2,"10":3,"11":0,"12":0,"13":1},"branchMap":{"0":{"type":"branch","line":5,"loc":{"start":{"line":5,"column":2},"end":{"line":13,"column":3}},"locations":[{"start":{"line":5,"column":2},"end":{"line":13,"column":3}}]},"1":{"type":"branch","line":7,"loc":{"start":{"line":7,"column":39},"end":{"line":11,"column":5}},"locations":[{"start":{"line":7,"column":39},"end":{"line":11,"column":5}}]},"2":{"type":"branch","line":8,"loc":{"start":{"line":8,"column":36},"end":{"line":10,"column":7}},"locations":[{"start":{"line":8,"column":36},"end":{"line":10,"column":7}}]},"3":{"type":"branch","line":12,"loc":{"start":{"line":12,"column":-1},"end":{"line":13,"column":3}},"locations":[{"start":{"line":12,"column":-1},"end":{"line":13,"column":3}}]}},"b":{"0":[2],"1":[3],"2":[2],"3":[0]},"fnMap":{"0":{"name":"handle","decl":{"start":{"line":5,"column":2},"end":{"line":13,"column":3}},"loc":{"start":{"line":5,"column":2},"end":{"line":13,"column":3}},"line":5}},"f":{"0":2}}
}
