TN:
SF:src/presentation/controller/signup.ts
FN:6,<instance_members_initializer>
FN:9,SignUpController
FN:13,handle
FNF:3
FNH:3
FNDA:5,<instance_members_initializer>
FNDA:5,SignUpController
FNDA:5,handle
DA:1,1
DA:2,1
DA:3,1
DA:4,1
DA:5,1
DA:6,5
DA:7,5
DA:8,5
DA:9,5
DA:10,5
DA:11,5
DA:12,5
DA:13,5
DA:14,5
DA:15,5
DA:16,14
DA:17,4
DA:18,4
DA:19,14
DA:20,1
DA:21,5
LF:21
LH:21
BRDA:6,0,0,5
BRDA:9,1,0,5
BRDA:13,2,0,5
BRDA:15,3,0,14
BRDA:16,4,0,4
BRDA:20,5,0,1
BRF:6
BRH:6
end_of_record
TN:
SF:src/presentation/errors/invalid-error-params.ts
FN:2,InvalidParamError
FNF:1
FNH:0
FNDA:0,InvalidParamError
DA:1,1
DA:2,1
DA:3,0
DA:4,0
DA:5,0
DA:6,1
LF:6
LH:3
BRF:0
BRH:0
end_of_record
TN:
SF:src/presentation/errors/missing-error-params.ts
FN:2,MissingParamError
FNF:1
FNH:1
FNDA:8,MissingParamError
DA:1,1
DA:2,1
DA:3,8
DA:4,8
DA:5,8
DA:6,1
LF:6
LH:6
BRDA:2,0,0,8
BRF:1
BRH:1
end_of_record
TN:
SF:src/presentation/protocols/interface.ts
FN:1,(empty-report)
FNF:1
FNH:0
FNDA:0,(empty-report)
DA:1,0
DA:2,0
DA:3,0
LF:3
LH:0
BRDA:1,0,0,0
BRF:1
BRH:0
end_of_record
